<?xml version="1.0" encoding="UTF-8"?>
<!-- Generated by org.testng.reporters.JUnitReportReporter -->
<testsuite skipped="0" hostname="Home-PC" name="com.nopcommerce.testCases.TC_AddCustomerTest_004" tests="1" failures="0" timestamp="18 Dec 2018 14:08:19 GMT" time="30.921" errors="0">
  <testcase name="addNewCustomer" time="30.921" classname="com.nopcommerce.testCases.TC_AddCustomerTest_004"/>
</testsuite> <!-- com.nopcommerce.testCases.TC_AddCustomerTest_004 -->
