<?xml version="1.0" encoding="UTF-8"?>
<!-- Generated by org.testng.reporters.JUnitReportReporter -->
<testsuite skipped="0" hostname="Home-PC" name="com.nopcommerce.testCases.TC_LoginTest_001" tests="1" failures="0" timestamp="17 Dec 2018 19:55:48 GMT" time="13.015" errors="0">
  <testcase name="loginTest" time="13.015" classname="com.nopcommerce.testCases.TC_LoginTest_001"/>
</testsuite> <!-- com.nopcommerce.testCases.TC_LoginTest_001 -->
