<?xml version="1.0" encoding="UTF-8"?>
<!-- Generated by org.testng.reporters.JUnitReportReporter -->
<testsuite hostname="Home-PC" failures="0" tests="1" name="com.nopcommerce.testCases.TC_AddCustomerTest_004" time="57.949" errors="0" timestamp="21 Dec 2018 15:09:38 GMT" skipped="0">
  <testcase classname="com.nopcommerce.testCases.TC_AddCustomerTest_004" name="addNewCustomer" time="57.949"/>
</testsuite> <!-- com.nopcommerce.testCases.TC_AddCustomerTest_004 -->
