<?xml version="1.0" encoding="UTF-8"?>
<!-- Generated by org.testng.reporters.JUnitReportReporter -->
<testsuite hostname="Home-PC" failures="0" tests="1" name="com.nopcommerce.testCases.TC_AddCustomerTest_004" time="75.614" errors="0" timestamp="18 Dec 2018 21:29:50 GMT" skipped="0">
  <testcase classname="com.nopcommerce.testCases.TC_AddCustomerTest_004" name="addNewCustomer" time="75.614"/>
</testsuite> <!-- com.nopcommerce.testCases.TC_AddCustomerTest_004 -->
